# JRE version: Java(TM) SE Runtime Environment (8.0_171-b11) (build 1.8.0_171-b11)
# Java VM: Java HotSpot(TM) 64-Bit Server VM (25.171-b11 mixed mode linux-amd64 compressed oops)
Heap:
 PSYoungGen      total 215552K, used 36778K [0x000000076cf80000, 0x000000077e900000, 0x00000007c0000000)
  eden space 200192K, 10% used [0x000000076cf80000,0x000000076e472838,0x0000000779300000)
  from space 15360K, 99% used [0x0000000779300000,0x000000077a1f82f0,0x000000077a200000)
  to   space 17408K, 0% used [0x000000077d800000,0x000000077d800000,0x000000077e900000)
 ParOldGen       total 164352K, used 21276K [0x00000006c6e00000, 0x00000006d0e80000, 0x000000076cf80000)
  object space 164352K, 12% used [0x00000006c6e00000,0x00000006c82c70f8,0x00000006d0e80000)
 Metaspace       used 45717K, capacity 47882K, committed 48168K, reserved 1091584K
  class space    used 5978K, capacity 6365K, committed 6448K, reserved 1048576K
GC Heap History (10 events):
Event: 5,047 GC heap before
{Heap before GC invocations=7 (full 1):
 PSYoungGen      total 137728K, used 117091K [0x000000076cf80000, 0x0000000777700000, 0x00000007c0000000)
  eden space 127488K, 83% used [0x000000076cf80000,0x00000007737dea98,0x0000000774c00000)
  from space 10240K, 99% used [0x0000000774c00000,0x00000007755fa1a0,0x0000000775600000)
  to   space 13312K, 0% used [0x0000000776a00000,0x0000000776a00000,0x0000000777700000)
 ParOldGen       total 102400K, used 12367K [0x00000006c6e00000, 0x00000006cd200000, 0x000000076cf80000)
  object space 102400K, 12% used [0x00000006c6e00000,0x00000006c7a13e18,0x00000006cd200000)
 Metaspace       used 34331K, capacity 35420K, committed 35496K, reserved 1079296K
  class space    used 4461K, capacity 4712K, committed 4784K, reserved 1048576K
Event: 5,066 GC heap after
Heap after GC invocations=7 (full 1):
 PSYoungGen      total 155136K, used 13282K [0x000000076cf80000, 0x000000077a480000, 0x00000007c0000000)
  eden space 141824K, 0% used [0x000000076cf80000,0x000000076cf80000,0x0000000775a00000)
  from space 13312K, 99% used [0x0000000776a00000,0x00000007776f8a08,0x0000000777700000)
  to   space 16384K, 0% used [0x0000000775a00000,0x0000000775a00000,0x0000000776a00000)
 ParOldGen       total 102400K, used 14692K [0x00000006c6e00000, 0x00000006cd200000, 0x000000076cf80000)
  object space 102400K, 14% used [0x00000006c6e00000,0x00000006c7c59180,0x00000006cd200000)
 Metaspace       used 34331K, capacity 35420K, committed 35496K, reserved 1079296K
  class space    used 4461K, capacity 4712K, committed 4784K, reserved 1048576K
}
Event: 5,066 GC heap before
{Heap before GC invocations=8 (full 2):
 PSYoungGen      total 155136K, used 13282K [0x000000076cf80000, 0x000000077a480000, 0x00000007c0000000)
  eden space 141824K, 0% used [0x000000076cf80000,0x000000076cf80000,0x0000000775a00000)
  from space 13312K, 99% used [0x0000000776a00000,0x00000007776f8a08,0x0000000777700000)
  to   space 16384K, 0% used [0x0000000775a00000,0x0000000775a00000,0x0000000776a00000)
 ParOldGen       total 102400K, used 14692K [0x00000006c6e00000, 0x00000006cd200000, 0x000000076cf80000)
  object space 102400K, 14% used [0x00000006c6e00000,0x00000006c7c59180,0x00000006cd200000)
 Metaspace       used 34331K, capacity 35420K, committed 35496K, reserved 1079296K
  class space    used 4461K, capacity 4712K, committed 4784K, reserved 1048576K
Event: 5,131 GC heap after
Heap after GC invocations=8 (full 2):
 PSYoungGen      total 155136K, used 0K [0x000000076cf80000, 0x000000077a480000, 0x00000007c0000000)
  eden space 141824K, 0% used [0x000000076cf80000,0x000000076cf80000,0x0000000775a00000)
  from space 13312K, 0% used [0x0000000776a00000,0x0000000776a00000,0x0000000777700000)
  to   space 16384K, 0% used [0x0000000775a00000,0x0000000775a00000,0x0000000776a00000)
 ParOldGen       total 164352K, used 19932K [0x00000006c6e00000, 0x00000006d0e80000, 0x000000076cf80000)
  object space 164352K, 12% used [0x00000006c6e00000,0x00000006c8177258,0x00000006d0e80000)
 Metaspace       used 34331K, capacity 35420K, committed 35496K, reserved 1079296K
  class space    used 4461K, capacity 4712K, committed 4784K, reserved 1048576K
}
Event: 6,511 GC heap before
{Heap before GC invocations=9 (full 2):
 PSYoungGen      total 155136K, used 141824K [0x000000076cf80000, 0x000000077a480000, 0x00000007c0000000)
  eden space 141824K, 100% used [0x000000076cf80000,0x0000000775a00000,0x0000000775a00000)
  from space 13312K, 0% used [0x0000000776a00000,0x0000000776a00000,0x0000000777700000)
  to   space 16384K, 0% used [0x0000000775a00000,0x0000000775a00000,0x0000000776a00000)
 ParOldGen       total 164352K, used 19932K [0x00000006c6e00000, 0x00000006d0e80000, 0x000000076cf80000)
  object space 164352K, 12% used [0x00000006c6e00000,0x00000006c8177258,0x00000006d0e80000)
 Metaspace       used 40240K, capacity 41868K, committed 41896K, reserved 1085440K
  class space    used 5218K, capacity 5524K, committed 5552K, reserved 1048576K
Event: 6,523 GC heap after
Heap after GC invocations=9 (full 2):
 PSYoungGen      total 158208K, used 9002K [0x000000076cf80000, 0x000000077b680000, 0x00000007c0000000)
  eden space 141824K, 0% used [0x000000076cf80000,0x000000076cf80000,0x0000000775a00000)
  from space 16384K, 54% used [0x0000000775a00000,0x00000007762ca800,0x0000000776a00000)
  to   space 15872K, 0% used [0x000000077a700000,0x000000077a700000,0x000000077b680000)
 ParOldGen       total 164352K, used 19940K [0x00000006c6e00000, 0x00000006d0e80000, 0x000000076cf80000)
  object space 164352K, 12% used [0x00000006c6e00000,0x00000006c8179258,0x00000006d0e80000)
 Metaspace       used 40240K, capacity 41868K, committed 41896K, reserved 1085440K
  class space    used 5218K, capacity 5524K, committed 5552K, reserved 1048576K
}
Event: 8,240 GC heap before
{Heap before GC invocations=10 (full 2):
 PSYoungGen      total 158208K, used 150826K [0x000000076cf80000, 0x000000077b680000, 0x00000007c0000000)
  eden space 141824K, 100% used [0x000000076cf80000,0x0000000775a00000,0x0000000775a00000)
  from space 16384K, 54% used [0x0000000775a00000,0x00000007762ca800,0x0000000776a00000)
  to   space 15872K, 0% used [0x000000077a700000,0x000000077a700000,0x000000077b680000)
 ParOldGen       total 164352K, used 19940K [0x00000006c6e00000, 0x00000006d0e80000, 0x000000076cf80000)
  object space 164352K, 12% used [0x00000006c6e00000,0x00000006c8179258,0x00000006d0e80000)
 Metaspace       used 42262K, capacity 44000K, committed 44200K, reserved 1087488K
  class space    used 5484K, capacity 5798K, committed 5808K, reserved 1048576K
Event: 8,254 GC heap after
Heap after GC invocations=10 (full 2):
 PSYoungGen      total 210432K, used 9119K [0x000000076cf80000, 0x000000077b100000, 0x00000007c0000000)
  eden space 200192K, 0% used [0x000000076cf80000,0x000000076cf80000,0x0000000779300000)
  from space 10240K, 89% used [0x000000077a700000,0x000000077afe7ed0,0x000000077b100000)
  to   space 15360K, 0% used [0x0000000779300000,0x0000000779300000,0x000000077a200000)
 ParOldGen       total 164352K, used 19948K [0x00000006c6e00000, 0x00000006d0e80000, 0x000000076cf80000)
  object space 164352K, 12% used [0x00000006c6e00000,0x00000006c817b258,0x00000006d0e80000)
 Metaspace       used 42262K, capacity 44000K, committed 44200K, reserved 1087488K
  class space    used 5484K, capacity 5798K, committed 5808K, reserved 1048576K
}
Event: 11,377 GC heap before
{Heap before GC invocations=11 (full 2):
 PSYoungGen      total 210432K, used 209311K [0x000000076cf80000, 0x000000077b100000, 0x00000007c0000000)
  eden space 200192K, 100% used [0x000000076cf80000,0x0000000779300000,0x0000000779300000)
  from space 10240K, 89% used [0x000000077a700000,0x000000077afe7ed0,0x000000077b100000)
  to   space 15360K, 0% used [0x0000000779300000,0x0000000779300000,0x000000077a200000)
 ParOldGen       total 164352K, used 19948K [0x00000006c6e00000, 0x00000006d0e80000, 0x000000076cf80000)
  object space 164352K, 12% used [0x00000006c6e00000,0x00000006c817b258,0x00000006d0e80000)
 Metaspace       used 45605K, capacity 47786K, committed 47912K, reserved 1091584K
  class space    used 5964K, capacity 6333K, committed 6448K, reserved 1048576K
Event: 11,445 GC heap after
Heap after GC invocations=11 (full 2):
 PSYoungGen      total 215552K, used 15328K [0x000000076cf80000, 0x000000077e900000, 0x00000007c0000000)
  eden space 200192K, 0% used [0x000000076cf80000,0x000000076cf80000,0x0000000779300000)
  from space 15360K, 99% used [0x0000000779300000,0x000000077a1f82f0,0x000000077a200000)
  to   space 17408K, 0% used [0x000000077d800000,0x000000077d800000,0x000000077e900000)
 ParOldGen       total 164352K, used 21276K [0x00000006c6e00000, 0x00000006d0e80000, 0x000000076cf80000)
  object space 164352K, 12% used [0x00000006c6e00000,0x00000006c82c70f8,0x00000006d0e80000)
 Metaspace       used 45605K, capacity 47786K, committed 47912K, reserved 1091584K
  class space    used 5964K, capacity 6333K, committed 6448K, reserved 1048576K
}

